Drill Listing
=============
Drill: .008  Tool: 1  Feed: 0  Speed: 0
X -200158  Y -155469
X -195400  Y -135000
X -200500  Y -135000
X -204596  Y -134763
X -191300  Y -131900
X -197200  Y -129100
X -200700  Y -129000
X -203700  Y -126600
X -189000  Y -124300
X -203600  Y -123100
X -196100  Y -120500
X -203500  Y -120400
X -203500  Y -117500
X -189100  Y -116200
X -203400  Y -114300
X -197300  Y -111500
X -203200  Y -111300
X -200200  Y -111300
X -191423  Y -107131
X -196100  Y -107000
X -200600  Y -98700
X -191385  Y -98468
X -191100  Y -94200
X -188200  Y -93200
X -200562  Y -90558
X -188200  Y -90200
X -191000  Y -87800
X -199800  Y -82100
X -190900  Y -81600
X -190000  Y -76400
X -200100  Y -74400
X -204628  Y -74321
X -190000  Y -70900
X -200100  Y -69200
X -204628  Y -69121
X -194600  Y -64100
X -203100  Y -64000
X -198800  Y -64000
X -191500  Y -62700
X -204500  Y -61300
X -189800  Y -59300
X -204325  Y -57772
X -204100  Y -54100
X -189800  Y -51700
X -203700  Y -49200
X -190700  Y -47200
X -200800  Y -45900
X -203500  Y -45900
X -197800  Y -45800
X -194000  Y -45800
X -194400  Y -34600
X -205000  Y -34600
X -205100  Y -29300
X -190400  Y -26655
X -193231  Y -25470
X -188600  Y -25100
X -194100  Y -16000
X -197000  Y -15800
X -203247  Y -9379
X -188600  Y -8500
X -189000  Y -5600
X -196200  Y -4800
X -201497  Y -4566
X -197400  Y 400
X -200700  Y 400
X -203100  Y 700
X -191500  Y 1900
X -203700  Y 4700
X -203600  Y 8500
X -203400  Y 12000
X -190400  Y 13800
X -203100  Y 15700
X -197800  Y 17800
X -201100  Y 18100
X -190700  Y 18900
X -190300  Y 24900
X -203000  Y 24900
X -197100  Y 24900
X -197100  Y 30700
X -203000  Y 30700
X -190300  Y 30700
X -191400  Y 55841
X -187100  Y 56552
X -200800  Y 59100
X -191400  Y 68364
X -200800  Y 73200
X -205860  Y 76154
X -190200  Y 96027
X -175400  Y 122752
X -170400  Y 81500
X -162300  Y 72000
X -173200  Y 59000
X -164200  Y 58100
X -172800  Y 55400
X -166800  Y 55400
X -181100  Y 41400
X -177607  Y 38012
X -165700  Y 34400
X -176200  Y 33600
X -184400  Y 30700
X -177300  Y 29800
X -171000  Y 28300
X -177300  Y 26900
X -184400  Y 24900
X -166600  Y 24800
X -180648  Y 22774
X -162754  Y 20899
X -171500  Y 20100
X -176200  Y 18800
X -184700  Y 18800
X -164900  Y 13600
X -183200  Y 12100
X -171516  Y 11287
X -171516  Y 5316
X -183100  Y 5300
X -177200  Y 5300
X -164800  Y 4500
X -177200  Y -1500
X -183100  Y -1500
X -184900  Y -9300
X -177200  Y -9400
X -167377  Y -12073
X -182700  Y -19500
X -176900  Y -19700
X -167600  Y -22800
X -181300  Y -26800
X -177000  Y -28700
X -186300  Y -28900
X -183100  Y -28999
X -161900  Y -31600
X -167700  Y -31800
X -185200  Y -37400
X -167700  Y -40700
X -162000  Y -40700
X -167800  Y -50000
X -177500  Y -50000
X -183000  Y -52100
X -171694  Y -58226
X -182900  Y -58500
X -163900  Y -59000
X -186400  Y -67800
X -174400  Y -71400
X -162600  Y -71400
X -180300  Y -72100
X -180300  Y -75100
X -162600  Y -76800
X -174400  Y -76800
X -182000  Y -79600
X -174400  Y -82100
X -162600  Y -82100
X -183200  Y -82900
X -183200  Y -85900
X -181100  Y -87800
X -174400  Y -87900
X -162600  Y -87900
X -183000  Y -90200
X -183000  Y -93200
X -180700  Y -94100
X -176443  Y -95029
X -165500  Y -102000
X -164600  Y -108700
X -171750  Y -109352
X -179025  Y -114722
X -183000  Y -117000
X -162900  Y -117000
X -175100  Y -117900
X -167700  Y -117900
X -175200  Y -122200
X -167700  Y -122200
X -183000  Y -123500
X -162900  Y -123500
X -142502  Y -145484
X -140000  Y -142500
X -144883  Y -142475
X -153500  Y -140000
X -146200  Y -132400
X -155417  Y -132256
X -140000  Y -130000
X -139952  Y -126034
X -153400  Y -126000
X -159100  Y -123500
X -140000  Y -120000
X -159420  Y -117009
X -146500  Y -108500
X -157700  Y -108300
X -137200  Y -107800
X -153300  Y -105000
X -143200  Y -102700
X -148300  Y -101500
X -153500  Y -101500
X -159000  Y -100500
X -141400  Y -94500
X -152000  Y -93700
X -156900  Y -91600
X -154100  Y -90000
X -141500  Y -87300
X -153300  Y -87300
X -153300  Y -82200
X -141500  Y -82200
X -141400  Y -76800
X -153200  Y -76800
X -141400  Y -71100
X -153200  Y -71100
X -155400  Y -68600
X -145500  Y -67000
X -157600  Y -66100
X -137100  Y -66000
X -140000  Y -60000
X -160000  Y -60000
X -161500  Y -51500
X -160000  Y -50000
X -139089  Y -48309
X -146352  Y -43584
X -157900  Y -43200
X -152900  Y -39700
X -141527  Y -37726
X -142949  Y -30822
X -152900  Y -30800
X -161800  Y -22800
X -152800  Y -21800
X -143036  Y -21721
X -160000  Y -14800
X -143200  Y -12700
X -159500  Y -9000
X -151510  Y -8777
X -137078  Y -8088
X -152800  Y -6100
X -137082  Y -2070
X -145500  Y -1700
X -140000  Y 0
X -159500  Y 0
X -152800  Y 4600
X -145700  Y 8500
X -139100  Y 8600
X -159154  Y 12714
X -156140  Y 17981
X -138500  Y 20400
X -146400  Y 20500
X -142000  Y 26500
X -156826  Y 26711
X -148266  Y 27780
X -160900  Y 30400
X -152343  Y 31141
X -145278  Y 33035
X -156400  Y 34900
X -145284  Y 37770
X -160512  Y 38956
X -159931  Y 46540
X -161500  Y 51600
X -140100  Y 101700
X -137400  Y 104900
X -141900  Y 109900
X -143100  Y 115100
X -142342  Y 127157
X -144000  Y 128900
X -142302  Y 130595
X -133767  Y 100000
X -128110  Y 89118
X -133693  Y 69695
X -115200  Y 45559
X -117521  Y 37811
X -130120  Y 37770
X -118318  Y 33475
X -130020  Y 33419
X -115668  Y 27938
X -123216  Y 27938
X -133500  Y 26600
X -121278  Y 20460
X -133600  Y 20400
X -135410  Y 16102
X -130000  Y 10000
X -126348  Y 9210
X -117305  Y 9093
X -120700  Y 6400
X -128900  Y 4900
X -128900  Y 0
X -121500  Y -700
X -113100  Y -2000
X -126623  Y -2647
X -126665  Y -8055
X -120986  Y -8083
X -112500  Y -10000
X -136101  Y -16396
X -120900  Y -17100
X -127600  Y -17100
X -115600  Y -17160
X -114300  Y -21600
X -131011  Y -21671
X -119003  Y -23230
X -134553  Y -25332
X -118600  Y -28800
X -131096  Y -30798
X -113200  Y -31400
X -125319  Y -34352
X -120900  Y -34600
X -133673  Y -37780
X -135206  Y -44306
X -130000  Y -50000
X -124526  Y -50554
X -114691  Y -53112
X -130000  Y -60000
X -120000  Y -60000
X -129372  Y -66063
X -113429  Y -66437
X -121700  Y -67600
X -113429  Y -71046
X -129500  Y -71100
X -113100  Y -76000
X -129500  Y -76800
X -129600  Y -82200
X -117900  Y -82200
X -129600  Y -87300
X -127600  Y -91700
X -120000  Y -92500
X -120000  Y -100000
X -133900  Y -100900
X -117366  Y -118000
X -130900  Y -119000
X -120273  Y -124402
X -127783  Y -126119
X -133836  Y -126119
X -133819  Y -129998
X -127868  Y -130034
X -112819  Y -131364
X -121303  Y -132016
X -112775  Y -136194
X -121543  Y -143612
X -130000  Y -150000
X -120000  Y -150000
X -110000  Y -150000
X -100000  Y -150000
X -90000  Y -150000
X -100038  Y -135824
X -87468  Y -135391
X -104247  Y -131973
X -99563  Y -130823
X -90000  Y -130000
X -90542  Y -124818
X -107818  Y -124556
X -99706  Y -124440
X -90000  Y -114000
X -100000  Y -111000
X -90000  Y -109000
X -106180  Y -107735
X -108517  Y -107679
X -110743  Y -107642
X -107256  Y -105565
X -109667  Y -105546
X -106180  Y -103357
X -108499  Y -103339
X -110743  Y -103339
X -90978  Y -100990
X -100333  Y -96981
X -100336  Y -92852
X -110179  Y -87040
X -100221  Y -82388
X -92797  Y -82365
X -108828  Y -82208
X -99950  Y -70946
X -92300  Y -69406
X -101305  Y -66814
X -91237  Y -66340
X -91198  Y -61401
X -101391  Y -60040
X -110000  Y -60000
X -87630  Y -56141
X -100000  Y -50000
X -90000  Y -50000
X -90245  Y -44057
X -98675  Y -43995
X -106223  Y -43013
X -110755  Y -42930
X -108503  Y -42902
X -107196  Y -40956
X -109782  Y -40928
X -100000  Y -40000
X -106307  Y -38843
X -108531  Y -38843
X -110782  Y -38788
X -90152  Y -37921
X -99511  Y -32348
X -107921  Y -31008
X -90000  Y -30000
X -99850  Y -27978
X -93400  Y -26700
X -103625  Y -22521
X -109200  Y -21600
X -100000  Y -21500
X -90000  Y -21500
X -109200  Y -17600
X -100000  Y -17500
X -90000  Y -16500
X -88065  Y -7909
X -89828  Y -3618
X -94175  Y -3618
X -100792  Y -1543
X -95662  Y 5740
X -99400  Y 6300
X -106100  Y 8305
X -110200  Y 8332
X -90885  Y 8637
X -94762  Y 8715
X -97100  Y 13300
X -101472  Y 14399
X -91700  Y 15700
X -94290  Y 15924
X -106387  Y 20056
X -108640  Y 20083
X -110961  Y 20097
X -107520  Y 22634
X -109922  Y 22661
X -92200  Y 24500
X -97200  Y 24500
X -108667  Y 24914
X -106441  Y 24927
X -110961  Y 24941
X -93900  Y 26700
X -103109  Y 27451
X -87239  Y 28733
X -101158  Y 33458
X -93900  Y 46709
X -95500  Y 61700
X -61904  Y 135207
X -83500  Y 131200
X -76456  Y 130606
X -83600  Y 128900
X -84066  Y 126363
X -67214  Y 117822
X -75400  Y 114700
X -78700  Y 112900
X -76200  Y 112600
X -78900  Y 110600
X -75419  Y 98534
X -72201  Y 92683
X -71100  Y 89900
X -74283  Y 88146
X -71200  Y 86500
X -71000  Y 83100
X -66200  Y 79600
X -71000  Y 79600
X -71100  Y 76000
X -66100  Y 76000
X -71100  Y 72500
X -71100  Y 68800
X -70441  Y 65554
X -67000  Y 64652
X -73000  Y 62000
X -82758  Y 60472
X -71400  Y 60300
X -78523  Y 59017
X -80313  Y 57244
X -83700  Y 40600
X -83700  Y 38100
X -79209  Y 38062
X -77000  Y 38013
X -74139  Y 38005
X -70732  Y 35866
X -62600  Y 35100
X -72833  Y 34391
X -62700  Y 32800
X -69700  Y 32000
X -76202  Y 26905
X -70819  Y 25854
X -76500  Y 24500
X -72700  Y 24500
X -85300  Y 23300
X -66964  Y 22060
X -81489  Y 14619
X -85016  Y 13859
X -78111  Y 13041
X -75500  Y 13000
X -66974  Y 12950
X -79800  Y 10300
X -66762  Y 9927
X -72000  Y 9500
X -76510  Y 9302
X -85364  Y 8481
X -83700  Y 6200
X -71924  Y 5114
X -76279  Y 2452
X -72100  Y 2100
X -66789  Y 1269
X -76259  Y -1780
X -85795  Y -3540
X -71700  Y -6100
X -66601  Y -6103
X -76244  Y -6458
X -82964  Y -7832
X -73246  Y -11690
X -75644  Y -14056
X -66842  Y -14562
X -84701  Y -17430
X -77033  Y -17492
X -72000  Y -18500
X -76482  Y -21353
X -72389  Y -22775
X -66923  Y -22949
X -76458  Y -26097
X -71872  Y -27842
X -84978  Y -31791
X -66900  Y -32100
X -76583  Y -35352
X -72619  Y -35592
X -85859  Y -37928
X -71932  Y -38842
X -67000  Y -38900
X -77533  Y -41620
X -72262  Y -43036
X -86123  Y -44057
X -75547  Y -45601
X -67000  Y -46700
X -72002  Y -46838
X -82615  Y -50326
X -74626  Y -50633
X -79609  Y -55467
X -75797  Y -56957
X -66639  Y -59585
X -82234  Y -59841
X -73113  Y -61268
X -75993  Y -62932
X -82265  Y -65632
X -66947  Y -66884
X -72800  Y -67500
X -70200  Y -67700
X -75471  Y -73428
X -66302  Y -74212
X -74900  Y -75900
X -83354  Y -76799
X -75700  Y -78100
X -70810  Y -78470
X -65418  Y -81829
X -82654  Y -82411
X -76700  Y -82600
X -74700  Y -84300
X -85325  Y -86939
X -79553  Y -89220
X -69118  Y -90525
X -65760  Y -93017
X -74983  Y -96317
X -65881  Y -96862
X -71935  Y -99300
X -86600  Y -102000
X -69000  Y -102500
X -81999  Y -102722
X -65517  Y -105236
X -78762  Y -106418
X -70000  Y -110000
X -79700  Y -110000
X -65154  Y -110890
X -74300  Y -119100
X -74022  Y -121344
X -68618  Y -124023
X -81223  Y -124352
X -70000  Y -130000
X -80000  Y -130000
X -64647  Y -134308
X -76268  Y -136385
X -67665  Y -136521
X -70000  Y -150000
X -80000  Y -150000
X -82207  Y -155478
X -37045  Y -150013
X -57231  Y -142780
X -54856  Y -126779
X -55176  Y -110863
X -42474  Y -105121
X -55148  Y -102860
X -46186  Y -101719
X -49981  Y -97834
X -54841  Y -96491
X -38160  Y -92851
X -41768  Y -89689
X -53100  Y -86500
X -46101  Y -84596
X -50883  Y -79664
X -45212  Y -78882
X -40125  Y -77215
X -54115  Y -76017
X -45018  Y -73583
X -48432  Y -70358
X -61618  Y -68877
X -53700  Y -68700
X -47600  Y -66700
X -51800  Y -66600
X -43561  Y -65537
X -49500  Y -65200
X -56871  Y -62136
X -51800  Y -61900
X -41600  Y -61600
X -57029  Y -56676
X -47500  Y -54500
X -41842  Y -52443
X -48514  Y -50863
X -48200  Y -47600
X -41875  Y -47247
X -56900  Y -45000
X -48284  Y -42650
X -57000  Y -37200
X -48599  Y -31549
X -37063  Y -29470
X -48627  Y -26452
X -57000  Y -20100
X -41414  Y -18288
X -48548  Y -15594
X -57171  Y -11609
X -57087  Y -5599
X -41228  Y 3212
X -48543  Y 4183
X -57123  Y 4213
X -57083  Y 9900
X -48661  Y 11074
X -56962  Y 13032
X -48431  Y 14285
X -37356  Y 17255
X -37943  Y 19398
X -48890  Y 21510
X -51400  Y 21700
X -54300  Y 21900
X -37104  Y 24558
X -52900  Y 29738
X -37937  Y 31400
X -60300  Y 32800
X -50100  Y 39300
X -45100  Y 40700
X -61600  Y 60000
X -61800  Y 63900
X -51142  Y 65242
X -45836  Y 65393
X -56851  Y 67000
X -61400  Y 67000
X -40878  Y 68136
X -38384  Y 68644
X -46517  Y 70328
X -61500  Y 70600
X -51200  Y 72200
X -61500  Y 74300
X -56900  Y 74300
X -48400  Y 75100
X -38606  Y 77365
X -56909  Y 77890
X -61500  Y 77900
X -39200  Y 80500
X -61300  Y 81400
X -56900  Y 81400
X -50636  Y 82041
X -38890  Y 83031
X -61300  Y 84800
X -51162  Y 84847
X -38822  Y 87384
X -51881  Y 88193
X -61100  Y 88200
X -38402  Y 90337
X -47606  Y 91321
X -61000  Y 91500
X -52013  Y 91500
X -38990  Y 96242
X -39090  Y 100172
X -57761  Y 100575
X -60636  Y 102036
X -39294  Y 111059
X -40285  Y 121421
X -41835  Y 135184
X -21905  Y 135225
X -22564  Y 120841
X -32841  Y 118561
X -32518  Y 116158
X -13023  Y 116033
X -24500  Y 114100
X -20523  Y 113399
X -21856  Y 111567
X -28700  Y 104700
X -22800  Y 104700
X -20104  Y 104071
X -16800  Y 104051
X -25311  Y 103958
X -36700  Y 103100
X -33689  Y 99197
X -17935  Y 96712
X -23564  Y 96681
X -29074  Y 96681
X -12425  Y 96681
X -33696  Y 96315
X -33775  Y 93468
X -23504  Y 91563
X -29044  Y 91563
X -17844  Y 91473
X -12395  Y 91383
X -32947  Y 90400
X -33006  Y 87453
X -29042  Y 86376
X -17758  Y 86268
X -23494  Y 86241
X -36273  Y 84912
X -22856  Y 82050
X -27921  Y 80119
X -13919  Y 79970
X -18114  Y 79722
X -30298  Y 77637
X -35989  Y 77101
X -30460  Y 69744
X -22741  Y 69649
X -32602  Y 69528
X -28320  Y 69012
X -35002  Y 68749
X -20496  Y 68660
X -16527  Y 68625
X -13868  Y 68607
X -25552  Y 68571
X -32007  Y 61702
X -22500  Y 61400
X -18894  Y 61097
X -14939  Y 61022
X -27896  Y 60793
X -20800  Y 60100
X -25000  Y 59100
X -29600  Y 58200
X -23200  Y 57800
X -26700  Y 57500
X -16026  Y 54938
X -13500  Y 54900
X -13248  Y 52693
X -22770  Y 45055
X -13610  Y 43948
X -13475  Y 41707
X -16059  Y 41508
X -16171  Y 39321
X -18447  Y 39160
X -19926  Y 37539
X -22366  Y 35412
X -18855  Y 35085
X -31672  Y 31693
X -24000  Y 29700
X -26827  Y 29471
X -21702  Y 29456
X -19141  Y 29443
X -15309  Y 25887
X -20638  Y 25446
X -22993  Y 25437
X -18441  Y 25382
X -26700  Y 24800
X -29694  Y 24576
X -26891  Y 19214
X -23369  Y 19157
X -15300  Y 19100
X -25783  Y 17261
X -32008  Y 16584
X -26693  Y 15038
X -34917  Y 10240
X -18000  Y 10000
X -16000  Y 10000
X -18000  Y 7500
X -16000  Y 7500
X -29500  Y 6700
X -34917  Y 5122
X -31618  Y 5113
X -35800  Y 700
X -31722  Y -991
X -27158  Y -1013
X -32700  Y -2500
X -27000  Y -3500
X -31700  Y -4104
X -36234  Y -4371
X -27158  Y -6131
X -29372  Y -8830
X -35400  Y -9800
X -31925  Y -11645
X -34917  Y -15349
X -29140  Y -16900
X -35100  Y -17700
X -35154  Y -20472
X -29162  Y -21463
X -20142  Y -25590
X -29162  Y -26581
X -32276  Y -26603
X -31722  Y -29140
X -29162  Y -29140
X -19481  Y -29162
X -24599  Y -29162
X -22040  Y -29162
X -14018  Y -29398
X -19481  Y -31722
X -30713  Y -34917
X -28154  Y -34917
X -25800  Y -35100
X -23031  Y -35154
X -19014  Y -39716
X -19006  Y -44193
X -23508  Y -45608
X -32840  Y -46900
X -18961  Y -48877
X -33817  Y -50141
X -33817  Y -53450
X -18941  Y -53729
X -34833  Y -56907
X -18946  Y -58167
X -23053  Y -58923
X -18960  Y -63024
X -18496  Y -72097
X -18521  Y -74613
X -30131  Y -76745
X -25521  Y -80462
X -13678  Y -81721
X -35731  Y -82442
X -15516  Y -83376
X -30450  Y -85144
X -28408  Y -87577
X -26137  Y -89051
X -30420  Y -93945
X -19695  Y -94432
X -33664  Y -97013
X -32100  Y -103500
X -19595  Y -106132
X -32100  Y -110000
X -19519  Y -118782
X -30022  Y -122874
X -19519  Y -127282
X -30368  Y -130681
X -30368  Y -135602
X -13002  Y -141687
X -25076  Y -143217
X -13006  Y -147685
X -12393  Y -150590
X -32085  Y -157632
X 13164  Y -140342
X 4000  Y -139700
X -2846  Y -137824
X -5564  Y -134880
X -7400  Y -131400
X -7300  Y -128400
X -7300  Y -125400
X 12400  Y -122400
X -7400  Y -122400
X 330  Y -119248
X -8481  Y -118856
X 850  Y -115885
X -2200  Y -112100
X -8438  Y -111372
X -6800  Y -108100
X -7000  Y -105000
X 12100  Y -104900
X -7000  Y -102088
X -6900  Y -98900
X -8159  Y -95441
X -3002  Y -91772
X 9372  Y -89969
X 7500  Y -87800
X 9600  Y -86500
X 5971  Y -84700
X 9200  Y -83100
X 6800  Y -80700
X 4000  Y -79400
X 2800  Y -77500
X 300  Y -75100
X 2700  Y -75100
X -10304  Y -73297
X 1200  Y -73100
X -700  Y -71700
X 8681  Y -67330
X 4532  Y -64913
X 3140  Y -62360
X 8030  Y -52504
X 8288  Y -50155
X 8430  Y -44806
X -8997  Y -29388
X -3966  Y -29300
X 3604  Y -29200
X -1513  Y -29200
X -6631  Y -29200
X 6163  Y -29200
X 11281  Y -29200
X 6700  Y -26840
X 9185  Y -26636
X -1309  Y -26567
X 1249  Y -26567
X 11882  Y -24614
X 1249  Y -24613
X -1309  Y -24613
X -6626  Y -24544
X -4182  Y -22739
X -3986  Y -20414
X -8932  Y -8927
X 11600  Y -3800
X -5596  Y 15081
X -11446  Y 17052
X -8540  Y 17054
X -4000  Y 20500
X -2000  Y 20500
X 0  Y 20500
X -10132  Y 21652
X 0  Y 26417
X 7322  Y 26500
X -3868  Y 27172
X -6427  Y 27172
X 6100  Y 29100
X 11623  Y 29321
X 8932  Y 29467
X 3900  Y 29500
X -1100  Y 31900
X -1287  Y 34421
X -3602  Y 37714
X -4838  Y 39622
X 8679  Y 40020
X -6121  Y 41428
X 7535  Y 41872
X -8178  Y 41944
X -8363  Y 44110
X -11755  Y 44973
X 3381  Y 46211
X 9150  Y 47123
X 5289  Y 49061
X -3600  Y 49400
X -1500  Y 50548
X 3410  Y 51398
X -5300  Y 51400
X -8500  Y 51800
X 5666  Y 51802
X -700  Y 52800
X 1700  Y 52900
X 13132  Y 53166
X -6600  Y 53200
X -9989  Y 53409
X 4100  Y 59828
X 11855  Y 61549
X -8988  Y 68014
X -3031  Y 68069
X -11296  Y 68560
X -5987  Y 73900
X 7019  Y 75547
X -3266  Y 77190
X -5889  Y 78525
X -3748  Y 81589
X -6685  Y 82885
X 5588  Y 83277
X 7223  Y 84852
X 10200  Y 85600
X -7027  Y 85815
X -2871  Y 87384
X 10100  Y 88600
X -3745  Y 90408
X -3411  Y 93289
X 6778  Y 96253
X 12280  Y 96266
X -3979  Y 97841
X 7714  Y 101694
X 10088  Y 102065
X -2300  Y 102100
X -11000  Y 104800
X 5166  Y 105889
X 11998  Y 105890
X 483  Y 106053
X -7023  Y 112697
X 22784  Y 132237
X 17065  Y 105890
X 37284  Y 105489
X 31994  Y 104627
X 21036  Y 104089
X 33417  Y 102667
X 19222  Y 102481
X 23194  Y 101929
X 37300  Y 101300
X 16300  Y 100200
X 13600  Y 100100
X 24600  Y 99400
X 26900  Y 99300
X 37920  Y 99019
X 29387  Y 97276
X 31256  Y 88915
X 22510  Y 79955
X 26479  Y 77403
X 29556  Y 74217
X 33248  Y 70674
X 13537  Y 68473
X 18736  Y 60134
X 13281  Y 59902
X 16300  Y 59600
X 21108  Y 58799
X 36500  Y 58500
X 19970  Y 57033
X 17829  Y 53600
X 14800  Y 51400
X 17800  Y 51300
X 20056  Y 45344
X 17756  Y 44867
X 15549  Y 38279
X 22819  Y 38000
X 25590  Y 35745
X 22040  Y 31722
X 24630  Y 31689
X 14340  Y 29717
X 22000  Y 29660
X 24630  Y 29130
X 14340  Y 27158
X 18904  Y 27136
X 34450  Y 26590
X 29760  Y 24640
X 26500  Y 21800
X 24340  Y 21790
X 29162  Y 21463
X 29720  Y 18940
X 26603  Y 18904
X 29170  Y 16430
X 31744  Y 16390
X 29695  Y 14362
X 31744  Y 13831
X 26900  Y 13772
X 29185  Y 11272
X 31744  Y 8713
X 26603  Y 8668
X 29000  Y 8580
X 31744  Y 6154
X 29162  Y 6109
X 16100  Y 4200
X 29185  Y 3595
X 31744  Y 3595
X 31744  Y 1036
X 16100  Y 1000
X 35100  Y -5100
X 37200  Y -5200
X 24300  Y -6700
X 26900  Y -6700
X 29162  Y -9244
X 26900  Y -11818
X 27190  Y -14420
X 36700  Y -16300
X 27158  Y -16900
X 23970  Y -17910
X 31744  Y -18949
X 31744  Y -21508
X 31744  Y -24067
X 16300  Y -25500
X 38000  Y -26500
X 18826  Y -26567
X 26581  Y -26603
X 29140  Y -26603
X 21449  Y -26900
X 24300  Y -27000
X 24281  Y -29126
X 18803  Y -29140
X 29140  Y -29162
X 16400  Y -29200
X 21518  Y -29200
X 13840  Y -29200
X 23500  Y -46000
X 18800  Y -48700
X 28200  Y -50800
X 22400  Y -52300
X 17500  Y -54500
X 33500  Y -56000
X 26100  Y -56100
X 21500  Y -59600
X 19700  Y -61600
X 21600  Y -63900
X 32400  Y -69900
X 37700  Y -75200
X 27300  Y -89300
X 31200  Y -89800
X 31200  Y -92800
X 31900  Y -95400
X 30200  Y -97000
X 16416  Y -98148
X 32300  Y -100300
X 13393  Y -102088
X 15000  Y -108800
X 21704  Y -113540
X 35569  Y -115885
X 13300  Y -125400
X 16900  Y -127600
X 13700  Y -130700
X 59703  Y -144616
X 50067  Y -144616
X 46836  Y -140342
X 46836  Y -129112
X 47600  Y -126200
X 45700  Y -123700
X 43636  Y -120498
X 51237  Y -112795
X 56803  Y -110994
X 43900  Y -108000
X 45700  Y -100100
X 42223  Y -100018
X 47600  Y -98700
X 43900  Y -97900
X 51134  Y -88032
X 48417  Y -87868
X 55000  Y -85100
X 61600  Y -84200
X 57100  Y -83600
X 51700  Y -82900
X 56500  Y -77500
X 46400  Y -76400
X 46500  Y -67500
X 55300  Y -57700
X 53500  Y -55200
X 43800  Y -48000
X 45500  Y -46000
X 42900  Y -43500
X 40277  Y -42281
X 62630  Y -37730
X 60480  Y -34380
X 40400  Y -29400
X 47000  Y -26000
X 48800  Y -24800
X 45400  Y -23000
X 51000  Y -15500
X 51000  Y -12000
X 48000  Y 23000
X 50370  Y 23000
X 44500  Y 23500
X 49500  Y 28000
X 62400  Y 28600
X 52000  Y 30500
X 45500  Y 38000
X 56500  Y 39500
X 47500  Y 40000
X 49900  Y 64429
X 44478  Y 82197
X 41052  Y 85693
X 50101  Y 89197
X 46950  Y 93495
X 38999  Y 94939
X 46928  Y 95865
X 42388  Y 96273
X 42100  Y 98600
X 52063  Y 101146
X 52038  Y 105762
X 41819  Y 108805
X 52053  Y 110401
X 52072  Y 115219
X 47960  Y 124574
X 87916  Y 134717
X 79469  Y 125076
X 67061  Y 125040
X 69886  Y 115252
X 69890  Y 110544
X 69825  Y 105812
X 69899  Y 101146
X 70553  Y 86444
X 69168  Y 71990
X 70600  Y 55500
X 65100  Y 54000
X 70600  Y 52500
X 65240  Y 50550
X 70600  Y 49500
X 81600  Y 48100
X 65100  Y 47190
X 70500  Y 46500
X 85404  Y 43700
X 67000  Y 42000
X 81551  Y 41801
X 76100  Y 40000
X 76100  Y 37000
X 81500  Y 36500
X 81551  Y 29202
X 67100  Y 28000
X 87800  Y 27300
X 63500  Y 26500
X 81500  Y 22500
X 65000  Y 22000
X 78600  Y 12400
X 80500  Y 9500
X 86000  Y 8000
X 80500  Y 6500
X 86000  Y 5000
X 80500  Y 3500
X 86000  Y 2000
X 80500  Y 500
X 86000  Y -1000
X 80500  Y -2500
X 86000  Y -4000
X 80500  Y -5500
X 86000  Y -7000
X 80500  Y -8500
X 86000  Y -10000
X 80500  Y -11500
X 86000  Y -13000
X 80500  Y -14500
X 86000  Y -16000
X 80500  Y -17500
X 86000  Y -19000
X 80500  Y -20500
X 75500  Y -21000
X 64500  Y -21000
X 78000  Y -29500
X 65000  Y -35950
X 87800  Y -37800
X 65000  Y -39120
X 83454  Y -40000
X 85404  Y -46300
X 81551  Y -48198
X 70700  Y -50000
X 76000  Y -50000
X 76000  Y -53000
X 70700  Y -53000
X 82000  Y -53500
X 70500  Y -55500
X 70500  Y -58000
X 81551  Y -60797
X 87800  Y -62700
X 81500  Y -67500
X 83780  Y -69130
X 72000  Y -84000
X 63651  Y -96462
X 80155  Y -129112
X 69697  Y -144584
X 68173  Y -149235
X 98871  Y -125724
X 89026  Y -89007
X 102400  Y -82500
X 104500  Y -81000
X 104500  Y -77000
X 103300  Y -75500
X 98000  Y -73500
X 106000  Y -73000
X 110500  Y -72000
X 108647  Y -69000
X 96049  Y -69000
X 89750  Y -69000
X 102350  Y -68980
X 97951  Y -62751
X 94099  Y -62700
X 106697  Y -62700
X 96053  Y -58897
X 108651  Y -58897
X 89753  Y -58897
X 102352  Y -58897
X 108647  Y -50102
X 102348  Y -50102
X 89750  Y -50102
X 96049  Y -50102
X 97951  Y -43853
X 94099  Y -43802
X 106697  Y -43802
X 102352  Y -40000
X 108651  Y -40000
X 89753  Y -40000
X 96053  Y -40000
X 92520  Y -36120
X 107000  Y -33500
X 103470  Y -32730
X 107200  Y -30100
X 98000  Y -28900
X 110000  Y -26000
X 103500  Y -22500
X 92500  Y -22500
X 89750  Y 21000
X 96049  Y 21000
X 108647  Y 21000
X 102348  Y 21000
X 106930  Y 24650
X 110000  Y 24700
X 97951  Y 27248
X 94099  Y 27300
X 101500  Y 30500
X 108640  Y 31080
X 96053  Y 31102
X 89753  Y 31102
X 102348  Y 39897
X 96049  Y 39897
X 89750  Y 39897
X 106500  Y 39900
X 97951  Y 46146
X 106697  Y 46197
X 94099  Y 46197
X 113100  Y 46200
X 109900  Y 46200
X 108651  Y 50000
X 89500  Y 50000
X 102352  Y 50000
X 96053  Y 50000
X 92950  Y 52800
X 105030  Y 53960
X 108500  Y 56000
X 101853  Y 57954
X 93874  Y 60870
X 90355  Y 65277
X 109003  Y 101062
X 88709  Y 101123
X 108957  Y 105720
X 88656  Y 105770
X 108864  Y 110454
X 88657  Y 110463
X 88658  Y 115376
X 108836  Y 115390
X 106991  Y 124755
X 92950  Y 125345
X 98470  Y 134855
X 119691  Y 125173
X 118502  Y 115287
X 129377  Y 105822
X 129540  Y 101102
X 136801  Y 94385
X 127000  Y 93301
X 121265  Y 89698
X 114353  Y 57954
X 117530  Y 56490
X 129600  Y 50900
X 118100  Y 50000
X 124399  Y 50000
X 122580  Y 40000
X 131800  Y 34000
X 132500  Y 25000
X 118680  Y 23090
X 127545  Y 21000
X 121246  Y 21000
X 123600  Y 18700
X 133700  Y -26900
X 122000  Y -29000
X 126000  Y -34500
X 124399  Y -40000
X 118100  Y -40000
X 131900  Y -49600
X 134000  Y -53900
X 133900  Y -56600
X 116100  Y -56800
X 131800  Y -57500
X 137400  Y -60700
X 123400  Y -66100
X 121246  Y -69000
X 127545  Y -69000
X 133600  Y -71100
X 142702  Y -84078
X 142500  Y -64800
X 150700  Y -60900
X 140300  Y -60200
X 153700  Y -56600
X 145500  Y -54600
X 138700  Y -50200
X 144000  Y -46700
X 157600  Y -45100
X 153400  Y -43700
X 140800  Y -42500
X 154800  Y -37900
X 141100  Y -36500
X 158000  Y -36000
X 140000  Y -29700
X 154100  Y -26700
X 149700  Y -23600
X 157600  Y -23000
X 153000  Y -20500
X 151000  Y -19500
X 148800  Y -18600
X 157700  Y -17700
X 150700  Y -16800
X 141400  Y -15400
X 153600  Y -15200
X 144100  Y -13400
X 150500  Y -10100
X 147900  Y -10000
X 145400  Y -9200
X 148100  Y -7500
X 153200  Y -5800
X 145300  Y -4800
X 154000  Y -1500
X 147300  Y -1200
X 148400  Y 3600
X 154600  Y 4300
X 151200  Y 6600
X 154000  Y 11000
X 138570  Y 18070
X 154900  Y 21300
X 161200  Y 28100
X 153700  Y 31000
X 156000  Y 32100
X 149300  Y 32800
X 138700  Y 33900
X 147500  Y 35500
X 156500  Y 36000
X 143700  Y 38500
X 143000  Y 40500
X 152100  Y 42200
X 148300  Y 43800
X 145000  Y 49000
X 141100  Y 51000
X 163138  Y 57703
X 154389  Y 65943
X 152516  Y 79272
X 156151  Y 82766
X 159679  Y 86244
X 143658  Y 88031
X 162984  Y 89690
X 147515  Y 91759
X 150964  Y 95025
X 154292  Y 98299
X 140723  Y 98551
X 157775  Y 101551
X 162414  Y 105013
X 145933  Y 106701
X 149359  Y 109880
X 154079  Y 113538
X 157774  Y 116815
X 161018  Y 119913
X 140091  Y 124080
X 169353  Y 111387
X 166108  Y 108290
X 178273  Y 102864
X 174777  Y 99713
X 171334  Y 96489
X 166462  Y 92923
X 176074  Y 79454
X 171330  Y 64607
X 167286  Y 61100
X 181103  Y 52495
X 176364  Y 50249
X 171020  Y 49841
X 181589  Y 243
X 183053  Y -21650

Drill: .01  Tool: 2  Feed: 0  Speed: 0
X -166210  Y -152949
X -168910  Y -151838
X -166274  Y -149996
X -168878  Y -148598
X -118073  Y -54900
X -116995  Y 12320
X -68480  Y 97007
X -66241  Y 95423
X -79503  Y 63413
X -102609  Y -34365
X -109200  Y -55405
X -105200  Y -55449
X -102971  Y -99029
X -109800  Y -119422
X -105500  Y -119441
X -40179  Y -40420
X -42432  Y -4587
X -34921  Y 16719
X -40648  Y 19576
X -44798  Y 104492
X -47465  Y 110954
X -45410  Y 112122
X -47465  Y 113533
X -8474  Y 103633
X 2256  Y 61717
X -5351  Y 60123
X 11545  Y 11554
X 6427  Y 11554
X 1309  Y 11554
X -1249  Y 11554
X -6367  Y 11554
X 11545  Y 6436
X 6427  Y 6436
X 1309  Y 6436
X -1249  Y 6436
X -6367  Y 6436
X -11485  Y 6436
X -6367  Y 1318
X -11485  Y 1318
X 11545  Y 1318
X 6427  Y 1318
X -1249  Y 1318
X 1309  Y 1318
X -11485  Y -1240
X -6367  Y -1240
X 1309  Y -1240
X 6427  Y -1240
X -1249  Y -1240
X 11545  Y -1240
X 6396  Y -6176
X -11485  Y -6359
X 1309  Y -6359
X -6367  Y -6359
X -1249  Y -6359
X 11545  Y -6359
X -1249  Y -11477
X 1309  Y -11477
X 6427  Y -11477
X -6367  Y -11477
X 11545  Y -11477
X -11485  Y -11477
X 26900  Y -21713
X 24340  Y -11477
X 24272  Y -3808
X 26900  Y -3800
X 24340  Y 1318
X 24340  Y 3877
X 24340  Y 11554
X 24340  Y 14113
X 47637  Y 49176
X 47637  Y 51399
X 47657  Y 53683
X 84971  Y 92222
X 122500  Y 79500
X 118500  Y 79500
X 65693  Y 71845
X 63588  Y 65507
X 86648  Y 63862
X 66282  Y 63159
X 64110  Y 63147
X 163397  Y -127957
X 159614  Y -127905
X 164989  Y -125400
X 161597  Y -125348
X 158179  Y -125244

Drill: .012  Tool: 3  Feed: 0  Speed: 0
X -11896  Y -25791
X -20900  Y -19700
X -25124  Y -13685
X -16000  Y -11500
X 15500  Y 12500
X 83500  Y 11900
X 16000  Y -13500
X -2600  Y -18100
X 66600  Y -76800
X 66900  Y -80100
X 121893  Y -99413
X 115960  Y -95229
X 127500  Y -76500
X 89500  Y 11900
X 96000  Y 11900
X 102500  Y 12300
X 105000  Y 15000
X 117500  Y 18500
X 145984  Y -97753
X 149145  Y -103379
X 157807  Y -111724

Drill: .014  Tool: 4  Feed: 0  Speed: 0
X -129400  Y -101230
X -128607  Y -35985
X -129200  Y 26787
X -122507  Y 61771
X -124723  Y 64369
X -118693  Y 100441
X -118693  Y 104126
X -91877  Y 88817
X -91813  Y 85348
X -37165  Y -72205
X -50818  Y -125463
X -50855  Y -129491
X -50855  Y -134251
X -50884  Y -139500
X 39399  Y -110569
X -29665  Y -72388
X 17733  Y 22935
X 28293  Y 65420
X 19869  Y 66562
X 44652  Y 72890
X 53930  Y 77055
X 49739  Y 77277
X 110326  Y 91738
X 107500  Y 80000
X 113146  Y 66250
X 80837  Y 60729
X 104281  Y -95570
X 105219  Y -98999
X 108725  Y -130267
X 161187  Y -130916
X 149135  Y -80016
X 151843  Y -77340
X 117500  Y -76000
X 148780  Y -74870
X 113220  Y 62401
X 117169  Y 62482
X 117115  Y 66242

Drill: .018  Tool: 5  Feed: 0  Speed: 0
X 108500  Y 13500
X -92474  Y 106300

Drill: .01969  Tool: 6  Feed: 0  Speed: 0
X -171654  Y -128708 X -171654  Y -125952
X -156595  Y -150074 X -153840  Y -150074
X -28925  Y -150023 X -26169  Y -150023
X -19602  Y -87078 X -19602  Y -84322
X -171552  Y 40369 X -171552  Y 43125
X -147034  Y 46739 X -144278  Y 46739
X -45049  Y 46583 X -42293  Y 46583
X -171671  Y -50068 X -171671  Y -47312

Drill: .035  Tool: 7  Feed: 0  Speed: 0
X -196811  Y -161811
X -211811  Y -146811
X -190300  Y -140300
X -211811  Y -136811
X -211811  Y -126811
X -211811  Y -116811
X -211811  Y -106811
X -211811  Y -96811
X -211811  Y -86811
X -211811  Y -76811
X -211811  Y -66811
X -211811  Y -56811
X -211811  Y -46811
X -211811  Y -36811
X -211811  Y -26811
X -211811  Y -16811
X -211811  Y -6811
X -211811  Y 3188
X -211811  Y 13188
X -211811  Y 23188
X -211811  Y 33188
X -211811  Y 43188
X -211811  Y 53188
X -211811  Y 63188
X -211811  Y 73188
X -211811  Y 83188
X -211811  Y 93188
X -211811  Y 103188
X -211811  Y 113188
X -211811  Y 123188
X -196811  Y 138188
X -166811  Y 138188
X -176811  Y 138188
X -186811  Y 138188
X -146811  Y 138188
X -156811  Y 138188
X -180300  Y -140300
X -170300  Y -140300
X -166811  Y -161811
X -186811  Y -161811
X -176811  Y -161811
X -156811  Y -161811
X -146811  Y -161811
X -136811  Y -161811
X -126811  Y -161811
X -116811  Y -161811
X -106811  Y -161811
X -96811  Y -161811
X -136811  Y 138188
X -96811  Y 138188
X -106811  Y 138188
X -116811  Y 138188
X -126811  Y 138188
X -66811  Y 138188
X -76811  Y 138188
X -86811  Y 138188
X -46811  Y 138188
X -56811  Y 138188
X -66811  Y -161811
X -86811  Y -161811
X -76811  Y -161811
X -56811  Y -161811
X -46811  Y -161811
X -36811  Y -161811
X -26811  Y -161811
X -16811  Y -161811
X -6811  Y -161811
X 3188  Y -161811
X -36811  Y 138188
X 3188  Y 138188
X -6811  Y 138188
X -16811  Y 138188
X -26811  Y 138188
X 33188  Y 138188
X 23188  Y 138188
X 13188  Y 138188
X 43188  Y 138188
X 53188  Y 138188
X 33188  Y -161811
X 13188  Y -161811
X 23188  Y -161811
X 43188  Y -161811
X 53188  Y -161811
X 63188  Y -161811
X 73188  Y -161811
X 83188  Y -161811
X 93188  Y -161811
X 103188  Y -161811
X 83188  Y 138188
X 103188  Y 138188
X 93188  Y 138188
X 73188  Y 138188
X 63188  Y 138188
X 123188  Y 138188
X 113188  Y 138188
X 133188  Y 138188
X 153188  Y 138188
X 143188  Y 138188
X 133188  Y -161811
X 143188  Y -161811
X 153188  Y -161811
X 113188  Y -161811
X 123188  Y -161811
X 163188  Y -161811
X 173188  Y -161811
X 188188  Y -146811
X 188188  Y -136811
X 188188  Y -126811
X 188188  Y -116811
X 188188  Y -106811
X 188188  Y -96811
X 188188  Y -86811
X 188188  Y -76811
X 188188  Y -66811
X 188188  Y -56811
X 188188  Y -46811
X 188188  Y -36811
X 188188  Y -26811
X 188188  Y -16811
X 188188  Y -6811
X 188188  Y 3188
X 188188  Y 13188
X 188188  Y 23188
X 188188  Y 33188
X 188188  Y 43188
X 188188  Y 53188
X 188188  Y 63188
X 188188  Y 73188
X 188188  Y 83188
X 188188  Y 93188
X 188188  Y 103188
X 188188  Y 113188
X 188188  Y 123188
X 173188  Y 138188
X 163188  Y 138188

End of Listing
